make.exe all --print-data-base --no-builtin-variables --no-builtin-rules --question
# GNU Make 4.3
# Built for Windows32
# Copyright (C) 1988-2020 Free Software Foundation, Inc.
# License GPLv3+: GNU GPL version 3 or later <http://gnu.org/licenses/gpl.html>
# This is free software: you are free to change and redistribute it.
# There is NO WARRANTY, to the extent permitted by law.
 

# Make data base, printed on Thu Jun 02 16:50:50 2022

# Variables

# environment
SYSTEMDRIVE = C:
# environment
LC_ALL = C
# environment
USERPROFILE = C:\Users\genisyskernel
# environment
VBOX_MSI_INSTALL_PATH = C:\Program Files\Oracle\VirtualBox\
# environment
LOCALAPPDATA = C:\Users\genisyskernel\AppData\Local
# environment
VSCODE_IPC_HOOK_EXTHOST = \\.\pipe\vscode-ipc-02641f39-2078-41a1-99cd-782c79fcf4ae-sock
# environment
VSCODE_CWD = C:\Program Files\Microsoft VS Code
# environment
CHOCOLATEYINSTALL = C:\ProgramData\chocolatey
# environment
SYSTEMROOT = C:\Windows
# environment
PROCESSOR_LEVEL = 6
# environment
PSMODULEPATH = C:\Program Files\WindowsPowerShell\Modules;C:\Windows\system32\WindowsPowerShell\v1.0\Modules;C:\Program Files\Intel\
# default
MAKE_COMMAND := C:/ProgramData/chocolatey/lib/make/tools/install/bin/make.exe
# environment
GOPATH = C:\Users\genisyskernel\go
# automatic
@D = $(patsubst %/,%,$(patsubst %\,%,$(dir $@)))
# environment
CHROME_CRASHPAD_PIPE_NAME = \\.\pipe\crashpad_13660_NZDRDNRNHDAYUZCP
# environment
VSCODE_HANDLES_UNCAUGHT_ERRORS = true
# default
.VARIABLES := 
# automatic
%D = $(patsubst %/,%,$(patsubst %\,%,$(dir $%)))
# automatic
^D = $(patsubst %/,%,$(patsubst %\,%,$(dir $^)))
# environment
VSCODE_LOG_STACK = false
# automatic
%F = $(notdir $%)
# environment
VSCODE_CODE_CACHE_PATH = C:\Users\genisyskernel\AppData\Roaming\Code\CachedData\c3511e6c69bb39013c4a4b7b9566ec1ca73fc4d5
# environment
LANG = C
# default
.LOADED := 
# environment
TMP = C:\Users\GENISY~1\AppData\Local\Temp
# default
.INCLUDE_DIRS = .
# environment
PROCESSOR_ARCHITEW6432 = AMD64
# makefile
MAKEFLAGS = pqrR
# makefile (from 'Makefile', line 18)
ver_check := 1.12
# environment
ONEDRIVE = C:\Users\genisyskernel\OneDrive
# makefile
CURDIR := c:/Users/genisyskernel/Desktop/xpaymentsorg/go-xpayments
# environment
VSCODE_PIPE_LOGGING = true
# environment
APPLICATION_INSIGHTS_NO_DIAGNOSTIC_CHANNEL = 1
# automatic
*D = $(patsubst %/,%,$(patsubst %\,%,$(dir $*)))
# environment
PROGRAMFILES = C:\Program Files (x86)
# environment
MFLAGS = -pqrR
# default
.SHELLFLAGS := -c
# environment
COMMONPROGRAMW6432 = C:\Program Files\Common Files
# makefile (from 'Makefile', line 14)
min_ver := 1.12
# automatic
+D = $(patsubst %/,%,$(patsubst %\,%,$(dir $+)))
# makefile (from 'Makefile', line 1)
MAKEFILE_LIST := Makefile
# automatic
@F = $(notdir $@)
# environment
VSCODE_VERBOSE_LOGGING = true
# environment
VSCODE_PID = 13660
# automatic
?D = $(patsubst %/,%,$(patsubst %\,%,$(dir $?)))
# automatic
*F = $(notdir $*)
# automatic
<D = $(patsubst %/,%,$(patsubst %\,%,$(dir $<)))
# makefile (from 'Makefile', line 9)
GO = latest
# environment
VSCODE_NLS_CONFIG = {"locale":"en-us","availableLanguages":{},"_languagePackSupport":true}
# default
MAKE_HOST := Windows32
# environment
PROGRAMDATA = C:\ProgramData
# default
SHELL := sh.exe
# environment
HOMEPATH = \Users\genisyskernel
# default
MAKECMDGOALS := all
# environment
DRIVERDATA = C:\Windows\System32\Drivers\DriverData
# environment
COMSPEC = C:\Windows\system32\cmd.exe
# environment
WINDIR = C:\Windows
# environment
MAKELEVEL := 0
# default
MAKE = $(MAKE_COMMAND)
# environment
PATH = C:\Program Files\Eclipse Foundation\jdk-8.0.302.8-hotspot\bin;C:\Program Files (x86)\Intel\Intel(R) Management Engine Components\iCLS\;C:\Program Files\Intel\Intel(R) Management Engine Components\iCLS\;C:\Program Files (x86)\Common Files\Oracle\Java\javapath;C:\Program Files\Python\Python310\Scripts\;C:\Program Files\Python\Python310\;C:\Windows\system32;C:\Windows;C:\Windows\System32\Wbem;C:\Windows\System32\WindowsPowerShell\v1.0\;C:\Windows\System32\OpenSSH\;C:\Program Files\GitHub CLI\;C:\TDM-GCC-64\bin;C:\Program Files\PuTTY\;C:\Program Files\Oracle\VirtualBox;C:\Program Files (x86)\Intel\Intel(R) Management Engine Components\DAL;C:\Program Files\Intel\Intel(R) Management Engine Components\DAL;C:\Program Files (x86)\Intel\Intel(R) Management Engine Components\IPT;C:\Program Files\Intel\Intel(R) Management Engine Components\IPT;C:\Program Files\chromedriver_win32\chromedriver.exe;C:\Program Files\Python\Python271\Tools\Scripts;C:\Program Files\Python\Python271\;C:\Program Files\BraveSoftware\Brave-Browser\Application;C:\Program Files\dotnet\;C:\Program Files\Microsoft SQL Server\130\Tools\Binn\;C:\Program Files\Microsoft SQL Server\Client SDK\ODBC\170\Tools\Binn\;C:\ProgramData\chocolatey\bin;C:\HashiCorp\Vagrant\bin;C:\Program Files\Docker\Docker\resources\bin;C:\ProgramData\DockerDesktop\version-bin;C:\xampp\php;C:\ProgramData\ComposerSetup\bin;C:\Users\genisyskernel\AppData\Roaming\nvm;C:\Program Files\nodejs;C:\Program Files\Go\bin;C:\Program Files\solidity-windows;C:\Program Files\Git\cmd;C:\Ruby30-x64\bin;C:\Users\genisyskernel\AppData\Local\Microsoft\WindowsApps;C:\Program Files\Microsoft VS Code\bin;C:\Users\genisyskernel\AppData\Roaming\npm;C:\Users\genisyskernel\AppData\Local\GitHubDesktop\bin;C:\Users\genisyskernel\.dotnet\tools;C:\ProgramData\chocolatey\lib\mingw\tools\install\mingw64\bin;C:\Users\genisyskernel\AppData\Roaming\Composer\vendor\bin;C:\Users\genisyskernel\go\bin
# environment
COMPUTERNAME = DESKTOP-GENISYS
# default
MAKEFILES := 
# makefile (from 'Makefile', line 15)
ver = $(shell go version)
# makefile (from 'Makefile', line 16)
ver2 = $(word 3, ,$(ver))
# automatic
^F = $(notdir $^)
# environment
PROMPT = $P$G
# environment
CHOCOLATEYLASTPATHUPDATE = 132943364551777419
# makefile (from 'Makefile', line 8)
GOBIN = $(shell pwd)/build/bin
# environment
LOGONSERVER = \\DESKTOP-GENISYS
# environment
VSCODE_LOG_NATIVE = false
# makefile (from 'Makefile', line 17)
cur_ver = $(subst go,, 
$(ver2))
# environment
USERNAME = genisyskernel
# environment
QT_SCALE_FACTOR_ROUNDING_POLICY = RoundPreferFloor
# environment
COMMONPROGRAMFILES = C:\Program Files (x86)\Common Files
# automatic
?F = $(notdir $?)
# environment
PROGRAMW6432 = C:\Program Files
# environment
PATHEXT = .COM;.EXE;.BAT;.CMD;.VBS;.VBE;.JS;.JSE;.WSF;.WSH;.MSC;.PY;.PYW;.RB;.RBW
# automatic
+F = $(notdir $+)
# environment
ORIGINAL_XDG_CURRENT_DESKTOP = undefined
# environment
USERDOMAIN = DESKTOP-GENISYS
# 'override' directive
GNUMAKEFLAGS := 
# environment
VS140COMNTOOLS = C:\Program Files (x86)\Microsoft Visual Studio 14.0\Common7\Tools\
# environment
OS = Windows_NT
# environment
__COMPAT_LAYER = RunAsAdmin
# makefile
.DEFAULT_GOAL := gochain
# environment
NVM_HOME = C:\Users\genisyskernel\AppData\Roaming\nvm
# default
MAKE_VERSION := 4.3
# 'override' directive
.SHELLSTATUS := 0
# environment
PROGRAMFILES(X86) = C:\Program Files (x86)
# environment
USERDOMAIN_ROAMINGPROFILE = DESKTOP-GENISYS
# environment
NUMBER_OF_PROCESSORS = 8
# environment
PUBLIC = C:\Users\Public
# environment
PYTHONPATH = C:\Users\genisyskernel\Desktop\genisys;C:\Program Files\chromedriver_win32\chromedriver.exe;
# environment
APPDATA = C:\Users\genisyskernel\AppData\Roaming
# environment
HOMEDRIVE = C:
# environment
NVM_SYMLINK = C:\Program Files\nodejs
# environment
PROCESSOR_ARCHITECTURE = x86
# environment
GOMODCACHE = C:\Users\genisyskernel\go\pkg\mod
# environment
VSCODE_AMD_ENTRYPOINT = vs/workbench/api/node/extensionHostProcess
# environment
COMMONPROGRAMFILES(X86) = C:\Program Files (x86)\Common Files
# environment
ELECTRON_RUN_AS_NODE = 1
# environment
TEMP = C:\Users\GENISY~1\AppData\Local\Temp
# environment
VSCODE_IPC_HOOK = \\.\pipe\11ed61e16f938624ec6dba5764dd17d1-1.67.2-main-sock
# environment
GOPROXY = https://proxy.golang.org,direct
# default
.RECIPEPREFIX := 
# automatic
<F = $(notdir $<)
# default
SUFFIXES := 
# environment
ALLUSERSPROFILE = C:\ProgramData
# default
.FEATURES := target-specific order-only second-expansion else-if shortest-stem undefine oneshell nocomment grouped-target extra-prereqs archives jobserver output-sync load
# environment
PROCESSOR_REVISION = 9e09
# environment
PROCESSOR_IDENTIFIER = Intel64 Family 6 Model 158 Stepping 9, GenuineIntel
# variable set hash-table stats:
# Load=111/1024=11%, Rehash=0, Collisions=11/152=7%

# Pattern-specific Variable Values

# No pattern-specific variable values.

# Directories

# . (key c:/Users/genisyskernel/Desktop/xpaymentsorg/go-xpayments, mtime 1654199449): 50 files, no impossibilities.

# 50 files, no impossibilities in 1 directories.

# Implicit Rules

# No implicit rules.

# Files

swarm:
#  Phony target (prerequisite of .PHONY).
#  Implicit rule search has not been done.
#  File does not exist.
#  File has not been updated.

gochain-linux-mipsle:
#  Implicit rule search has not been done.
#  Modification time never checked.
#  File has not been updated.
#  recipe to execute (from 'Makefile', line 125):
	build/env.sh go run build/ci.go xgo -- --go=$(GO) --targets=linux/mipsle --ldflags '-extldflags "-static"' -v ./cmd/gochain
	@echo "Linux MIPSle cross compilation done:"
	@ls -ld $(GOBIN)/gochain-linux-* | grep mipsle

gochain-linux-arm-7:
#  Phony target (prerequisite of .PHONY).
#  Implicit rule search has not been done.
#  File does not exist.
#  File has not been updated.
#  recipe to execute (from 'Makefile', line 110):
	build/env.sh go run build/ci.go xgo -- --go=$(GO) --targets=linux/arm-7 -v ./cmd/gochain
	@echo "Linux ARMv7 cross compilation done:"
	@ls -ld $(GOBIN)/gochain-linux-* | grep arm-7

# Not a target:
gochain-ios:
#  Implicit rule search has not been done.
#  Modification time never checked.
#  File has not been updated.

gochain-linux-mips64:
#  Phony target (prerequisite of .PHONY).
#  Implicit rule search has not been done.
#  File does not exist.
#  File has not been updated.
#  recipe to execute (from 'Makefile', line 130):
	build/env.sh go run build/ci.go xgo -- --go=$(GO) --targets=linux/mips64 --ldflags '-extldflags "-static"' -v ./cmd/gochain
	@echo "Linux MIPS64 cross compilation done:"
	@ls -ld $(GOBIN)/gochain-linux-* | grep mips64

docker:
#  Phony target (prerequisite of .PHONY).
#  Implicit rule search has not been done.
#  File does not exist.
#  File has not been updated.
#  recipe to execute (from 'Makefile', line 35):
	docker build -t gochain/gochain .

# Not a target:
gochain-android:
#  Implicit rule search has not been done.
#  Modification time never checked.
#  File has not been updated.

gochain-linux-arm: gochain-linux-arm-5 gochain-linux-arm-6 gochain-linux-arm-7 gochain-linux-arm64
#  Phony target (prerequisite of .PHONY).
#  Implicit rule search has not been done.
#  File does not exist.
#  File has not been updated.
#  recipe to execute (from 'Makefile', line 96):
	@echo "Linux ARM cross compilation done:"
	@ls -ld $(GOBIN)/gochain-linux-* | grep arm

# Not a target:
Makefile:
#  Implicit rule search has been done.
#  Last modified 2022-02-23 18:24:32
#  File has been updated.
#  Successfully updated.

gochain-linux: gochain-linux-386 gochain-linux-amd64 gochain-linux-arm gochain-linux-mips64 gochain-linux-mips64le
#  Phony target (prerequisite of .PHONY).
#  Implicit rule search has not been done.
#  File does not exist.
#  File has not been updated.
#  recipe to execute (from 'Makefile', line 82):
	@echo "Linux cross compilation done:"
	@ls -ld $(GOBIN)/gochain-linux-*

gochain-windows-386:
#  Phony target (prerequisite of .PHONY).
#  Implicit rule search has not been done.
#  File does not exist.
#  File has not been updated.
#  recipe to execute (from 'Makefile', line 158):
	build/env.sh go run build/ci.go xgo -- --go=$(GO) --targets=windows/386 -v ./cmd/gochain
	@echo "Windows 386 cross compilation done:"
	@ls -ld $(GOBIN)/gochain-windows-* | grep 386

gochain-cross: gochain-linux gochain-darwin gochain-windows gochain-android gochain-ios
#  Phony target (prerequisite of .PHONY).
#  Implicit rule search has not been done.
#  File does not exist.
#  File has not been updated.
#  recipe to execute (from 'Makefile', line 78):
	@echo "Full cross  
compilation done:"
	@ls -ld $(GOBIN)/gochain-*

gochain-windows-amd64:
#  Phony target (prerequisite of .PHONY).
#  Implicit rule search has not been done.
#  File does not exist.
#  File has not been updated.
#  recipe to execute (from 'Makefile', line 163):
	build/env.sh go run build/ci.go xgo -- --go=$(GO) --targets=windows/amd64 -v ./cmd/gochain
	@echo "Windows amd64 cross compilation done:"
	@ls -ld $(GOBIN)/gochain-windows-* | grep amd64

gochain-linux-arm-5:
#  Phony target (prerequisite of .PHONY).
#  Implicit rule search has not been done.
#  File does not exist.
#  File has not been updated.
#  recipe to execute (from 'Makefile', line 100):
	build/env.sh go run build/ci.go xgo -- --go=$(GO) --targets=linux/arm-5 -v ./cmd/gochain
	@echo "Linux ARMv5 cross compilation done:"
	@ls -ld $(GOBIN)/gochain-linux-* | grep arm-5

gochain-windows: gochain-windows-386 gochain-windows-amd64
#  Phony target (prerequisite of .PHONY).
#  Implicit rule search has not been done.
#  File does not exist.
#  File has not been updated.
#  recipe to execute (from 'Makefile', line 154):
	@echo "Windows cross compilation done:"
	@ls -ld $(GOBIN)/gochain-windows-*

gochain-darwin-386:
#  Phony target (prerequisite of .PHONY).
#  Implicit rule search has not been done.
#  File does not exist.
#  File has not been updated.
#  recipe to execute (from 'Makefile', line 144):
	build/env.sh go run build/ci.go xgo -- --go=$(GO) --targets=darwin/386 -v ./cmd/gochain
	@echo "Darwin 386 cross compilation done:"
	@ls -ld $(GOBIN)/gochain-darwin-* | grep 386

gochain-linux-386:
#  Phony target (prerequisite of .PHONY).
#  Implicit rule search has not been done.
#  File does not exist.
#  File has not been updated.
#  recipe to execute (from 'Makefile', line 86):
	build/env.sh go run build/ci.go xgo -- --go=$(GO) --targets=linux/386 -v ./cmd/gochain
	@echo "Linux 386 cross compilation done:"
	@ls -ld $(GOBIN)/gochain-linux-* | grep 386

gochain-darwin-amd64:
#  Phony target (prerequisite of .PHONY).
#  Implicit rule search has not been done.
#  File does not exist.
#  File has not been updated.
#  recipe to execute (from 'Makefile', line 149):
	build/env.sh go run build/ci.go xgo -- --go=$(GO) --targets=darwin/amd64 -v ./cmd/gochain
	@echo "Darwin amd64 cross compilation done:"
	@ls -ld $(GOBIN)/gochain-darwin-* | grep amd64

gochain-linux-amd64:
#  Phony target (prerequisite of .PHONY).
#  Implicit rule search has not been done.
#  File does not exist.
#  File has not been updated.
#  recipe to execute (from 'Makefile', line 91):
	build/env.sh go run build/ci.go xgo -- --go=$(GO) --targets=linux/amd64 -v ./cmd/gochain
	@echo "Linux amd64 cross compilation done:"
	@ls -ld $(GOBIN)/gochain-linux-* | grep amd64

clean:
#  Phony target (prerequisite of .PHONY).
#  Implicit rule search has not been done.
#  File does not exist.
#  File has not been updated.
#  recipe to execute (from 'Makefile', line 60):
	rm -fr build/_workspace/pkg/ $(GOBIN)/*

gochain-linux-arm64:
#  Phony target (prerequisite of .PHONY).
#  Implicit rule search has not been done.
#  File does not exist.
#  File has not been updated.
#  recipe to execute (from 'Makefile', line 115):
	build/env.sh go run build/ci.go xgo -- --go=$(GO) --targets=linux/arm64 -v ./cmd/gochain
	@echo "Linux ARM64 cross compilation done:"
	@ls -ld $(GOBIN)/gochain-linux-* | grep arm64

gochain-darwin: gochain-darwin-386 gochain-darwin-amd64
#  Phony target (prerequisite of .PHONY).
#  Implicit rule search has not been done.
#  File does not exist.
#  File has not been updated.
#  recipe to execute (from 'Makefile', line 140):
	@echo "Darwin cross compilation done:"
	@ls -ld $(GOBIN)/gochain-darwin-*

evm:
#  Phony target (prerequisite of .PHONY).
#  Implicit rule search has not been done.
#  File does not exist.
#  File has not been updated.

ios:
#  Phony target (prerequisite of .PHONY).
#  Implicit rule search has not been done.
#  File does not exist.
#  File has not been updated.
#  recipe to execute (from 'Makefile', line 52):
	build/env.sh go run build/ci.go xcode --local
	@echo "Done building."
	@echo "Import \"$(GOBIN)/gochain.framework\" to use the library."

bootnode:
#  Implicit rule search has not been done.
#  Implicit/static pattern stem: ''
#  File does not exist.
#  File has been updated.
#  Needs to be updated (-q is set).
# automatic
# @ := bootnode
# automatic
# * := 
# automatic
# < := 
# automatic
# + := 
# automatic
# % := 
# automatic
# ^ := 
# automatic
# ? := 
# automatic
# | := 
# variable set hash-table stats:
# Load=8/32=25%, Rehash=0, Collisions=1/11=9%
#  recipe to execute (from ' 
Makefile', line 30):
	cd cmd/bootnode; go build -o ../../bin/gochain-bootnode
	@echo "Done building."
	@echo "Run \"bin/gochain-bootnode\" to launch gochain."

gochain:
#  Phony target (prerequisite of .PHONY).
#  Implicit rule search has not been done.
#  File does not exist.
#  File has not been updated.
#  recipe to execute (from 'Makefile', line 25):
	cd cmd/gochain; go build -o ../../bin/gochain
	@echo "Done building."
	@echo "Run \"bin/gochain\" to launch gochain."

gochain-linux-arm-6:
#  Phony target (prerequisite of .PHONY).
#  Implicit rule search has not been done.
#  File does not exist.
#  File has not been updated.
#  recipe to execute (from 'Makefile', line 105):
	build/env.sh go run build/ci.go xgo -- --go=$(GO) --targets=linux/arm-6 -v ./cmd/gochain
	@echo "Linux ARMv6 cross compilation done:"
	@ls -ld $(GOBIN)/gochain-linux-* | grep arm-6

# Not a target:
.DEFAULT:
#  Implicit rule search has not been done.
#  Modification time never checked.
#  File has not been updated.

android:
#  Phony target (prerequisite of .PHONY).
#  Implicit rule search has not been done.
#  File does not exist.
#  File has not been updated.
#  recipe to execute (from 'Makefile', line 47):
	build/env.sh go run build/ci.go aar --local
	@echo "Done building."
	@echo "Import \"$(GOBIN)/gochain.aar\" to use the library."

all: bootnode gochain
#  Phony target (prerequisite of .PHONY).
#  Command line target.
#  Implicit rule search has not been done.
#  File does not exist.
#  File has been updated.
#  Needs to be updated (-q is set).
# variable set hash-table stats:
# Load=0/32=0%, Rehash=0, Collisions=0/3=0%

devtools:
#  Implicit rule search has not been done.
#  Modification time never checked.
#  File has not been updated.
#  recipe to execute (from 'Makefile', line 66):
	env GOBIN= go get -u golang.org/x/tools/cmd/stringer
	env GOBIN= go get -u github.com/kevinburke/go-bindata/go-bindata
	env GOBIN= go get -u github.com/fjl/gencodec
	env GOBIN= go get -u github.com/golang/protobuf/protoc-gen-go
	env GOBIN= go install ./cmd/abigen
	@type "npm" 2> /dev/null || echo 'Please install node.js and npm'
	@type "solc" 2> /dev/null || echo 'Please install solc'
	@type "protoc" 2> /dev/null || echo 'Please install protoc'

test:
#  Phony target (prerequisite of .PHONY).
#  Implicit rule search has not been done.
#  File does not exist.
#  File has not been updated.
#  recipe to execute (from 'Makefile', line 57):
	go test ./...

install: all
#  Implicit rule search has not been done.
#  Modification time never checked.
#  File has not been updated.
#  recipe to execute (from 'Makefile', line 43):
	cp bin/gochain-bootnode $(GOPATH)/bin/gochain-bootnode
	cp bin/gochain $(GOPATH)/bin/gochain

gochain-linux-mips:
#  Implicit rule search has not been done.
#  Modification time never checked.
#  File has not been updated.
#  recipe to execute (from 'Makefile', line 120):
	build/env.sh go run build/ci.go xgo -- --go=$(GO) --targets=linux/mips --ldflags '-extldflags "-static"' -v ./cmd/gochain
	@echo "Linux MIPS cross compilation done:"
	@ls -ld $(GOBIN)/gochain-linux-* | grep mips

release:
#  Phony target (prerequisite of .PHONY).
#  Implicit rule search has not been done.
#  File does not exist.
#  File has not been updated.
#  recipe to execute (from 'Makefile', line 40):
	./release.sh

gochain-linux-mips64le:
#  Phony target (prerequisite of .PHONY).
#  Implicit rule search has not been done.
#  File does not exist.
#  File has not been updated.
#  recipe to execute (from 'Makefile', line 135):
	build/env.sh go run build/ci.go xgo -- --go=$(GO) --targets=linux/mips64le --ldflags '-extldflags "-static"' -v ./cmd/gochain
	@echo "Linux MIPS64le cross compilation done:"
	@ls -ld $(GOBIN)/gochain-linux-* | grep mips64le

# Not a target:
.SUFFIXES:
#  Implicit rule search has not been done.
#  Modification time never checked.
#  File has not been updated.

.PHONY: gochain android ios gochain-cross swarm evm all test clean gochain-linux gochain-linux-386 gochain-linux-amd64 gochain-linux-mips64 gochain-linux-mips64le gochain-linux-arm gochain-li 
nux-arm-5 gochain-linux-arm-6 gochain-linux-arm-7 gochain-linux-arm64 gochain-darwin gochain-darwin-386 gochain-darwin-amd64 gochain-windows gochain-windows-386 gochain-windows-amd64 docker release
#  Implicit rule search has not been done.
#  Modification time never checked.
#  File has not been updated.

# files hash-table stats:
# Load=38/1024=4%, Rehash=0, Collisions=10/127=8%
# VPATH Search Paths

# No 'vpath' search paths.

# No general ('VPATH' variable) search path.

# strcache buffers: 1 (0) / strings = 87 / storage = 894 B / avg = 10 B
# current buf: size = 8174 B / used = 894 B / count = 87 / avg = 10 B

# strcache performance: lookups = 178 / hit rate = 51%
# hash-table stats:
# Load=87/8192=1%, Rehash=0, Collisions=0/178=0%
# Finished Make data base on Thu Jun 02 16:50:50 2022

 
